C:\MATERIJA\UNARA28\BATTLE_CITY_FPGA-MASTER\BC_MEM_PACKER\BATTLE_MEM\BATTLE_MEM.EXE
C:\MATERIJA\UNARA28\BATTLE_CITY_FPGA-MASTER\BC_MEM_PACKER\BATTLE_MEM\BIN\BATTLE_MEM.EXE
C:\MATERIJA\UNARA28\BATTLE_CITY_FPGA-MASTER\BC_MEM_PACKER\BATTLE_MEM\RELEASE\BATTLE_MEM.EXE.INTERMEDIATE.MANIFEST
C:\MATERIJA\UNARA28\BATTLE_CITY_FPGA-MASTER\BC_MEM_PACKER\BATTLE_MEM\RELEASE\BITMAP.OBJ
C:\MATERIJA\UNARA28\BATTLE_CITY_FPGA-MASTER\BC_MEM_PACKER\BATTLE_MEM\RELEASE\MAIN.OBJ
C:\MATERIJA\UNARA28\BATTLE_CITY_FPGA-MASTER\BC_MEM_PACKER\BATTLE_MEM\RELEASE\TOOLS.OBJ
C:\MATERIJA\UNARA28\BATTLE_CITY_FPGA-MASTER\BC_MEM_PACKER\BATTLE_MEM\RELEASE\VC100.PDB
D:\ra207-2016\duck_hunt\bc_mem_packer\battle_mem\\battle_mem.exe
D:\ra207-2016\duck_hunt\bc_mem_packer\battle_mem\Release\battle_mem.exe.intermediate.manifest
D:\ra207-2016\duck_hunt\bc_mem_packer\battle_mem\Release\battle_mem.write.1.tlog
D:\ra207-2016\duck_hunt\bc_mem_packer\battle_mem\Release\bitmap.obj
D:\ra207-2016\duck_hunt\bc_mem_packer\battle_mem\Release\cl.command.1.tlog
D:\ra207-2016\duck_hunt\bc_mem_packer\battle_mem\Release\CL.read.1.tlog
D:\ra207-2016\duck_hunt\bc_mem_packer\battle_mem\Release\CL.write.1.tlog
D:\ra207-2016\duck_hunt\bc_mem_packer\battle_mem\Release\link.command.1.tlog
D:\ra207-2016\duck_hunt\bc_mem_packer\battle_mem\Release\link.read.1.tlog
D:\ra207-2016\duck_hunt\bc_mem_packer\battle_mem\Release\link.write.1.tlog
D:\ra207-2016\duck_hunt\bc_mem_packer\battle_mem\Release\main.obj
D:\ra207-2016\duck_hunt\bc_mem_packer\battle_mem\Release\mt.command.1.tlog
D:\ra207-2016\duck_hunt\bc_mem_packer\battle_mem\Release\mt.read.1.tlog
D:\ra207-2016\duck_hunt\bc_mem_packer\battle_mem\Release\mt.write.1.tlog
D:\ra207-2016\duck_hunt\bc_mem_packer\battle_mem\Release\tools.obj
D:\ra207-2016\duck_hunt\bc_mem_packer\battle_mem\Release\vc100.pdb
D:\ra207-2016\duck_hunt\bc_mem_packer\battle_mem\Release\vc140.pdb
